Projeto2/android/build/outputs/logs/manifest-merger-release-report.txt
-- Merging decision tree log ---
manifest
ADDED from LPOO1617_T5G2/android/AndroidManifest.xml:2:1-30:12
	package
		ADDED from LPOO1617_T5G2/android/AndroidManifest.xml:3:5-30
		INJECTED from LPOO1617_T5G2/android/AndroidManifest.xml
		INJECTED from LPOO1617_T5G2/android/AndroidManifest.xml
	android:versionName
		ADDED from LPOO1617_T5G2/android/AndroidManifest.xml:5:5-30
		INJECTED from LPOO1617_T5G2/android/AndroidManifest.xml
		INJECTED from LPOO1617_T5G2/android/AndroidManifest.xml
	android:versionCode
		ADDED from LPOO1617_T5G2/android/AndroidManifest.xml:4:5-28
		INJECTED from LPOO1617_T5G2/android/AndroidManifest.xml
		INJECTED from LPOO1617_T5G2/android/AndroidManifest.xml
	xmlns:android
		ADDED from LPOO1617_T5G2/android/AndroidManifest.xml:2:11-69
uses-sdk
ADDED from LPOO1617_T5G2/android/AndroidManifest.xml:7:5-73
MERGED from [LPOO1617_T5G2:BaseGameUtils:1.0] AndroidManifest.xml:22:5-24:41
MERGED from [com.android.support:appcompat-v7:20.0.0] AndroidManifest.xml:16:5-42
MERGED from [com.google.android.gms:play-services-games:8.4.0] AndroidManifest.xml:18:5-42
MERGED from [com.google.android.gms:play-services-drive:8.4.0] AndroidManifest.xml:18:5-42
MERGED from [com.google.android.gms:play-services-plus:8.4.0] AndroidManifest.xml:18:5-42
MERGED from [com.google.android.gms:play-services-base:8.4.0] AndroidManifest.xml:18:5-42
MERGED from [com.google.android.gms:play-services-basement:8.4.0] AndroidManifest.xml:18:5-42
MERGED from [com.android.support:support-v4:23.0.0] AndroidManifest.xml:20:5-43
MERGED from [com.android.support:multidex:1.0.1] AndroidManifest.xml:18:5-42
	android:targetSdkVersion
		ADDED from LPOO1617_T5G2/android/AndroidManifest.xml:7:41-70
		INJECTED from LPOO1617_T5G2/android/AndroidManifest.xml
		INJECTED from LPOO1617_T5G2/android/AndroidManifest.xml
	android:minSdkVersion
		ADDED from LPOO1617_T5G2/android/AndroidManifest.xml:7:15-40
		INJECTED from LPOO1617_T5G2/android/AndroidManifest.xml
		INJECTED from LPOO1617_T5G2/android/AndroidManifest.xml
application
ADDED from LPOO1617_T5G2/android/AndroidManifest.xml:9:5-26:19
MERGED from [LPOO1617_T5G2:BaseGameUtils:1.0] AndroidManifest.xml:26:5-30:19
MERGED from [com.android.support:appcompat-v7:20.0.0] AndroidManifest.xml:17:5-19
MERGED from [com.google.android.gms:play-services-games:8.4.0] AndroidManifest.xml:19:5-20
MERGED from [com.google.android.gms:play-services-drive:8.4.0] AndroidManifest.xml:19:5-20
MERGED from [com.google.android.gms:play-services-plus:8.4.0] AndroidManifest.xml:19:5-20
MERGED from [com.google.android.gms:play-services-basement:8.4.0] AndroidManifest.xml:20:5-24:19
MERGED from [com.android.support:support-v4:23.0.0] AndroidManifest.xml:22:5-20
meta-data#com.google.android.gms.games.APP_ID
ADDED from LPOO1617_T5G2/android/AndroidManifest.xml:14:9-104
	android:value
		ADDED from LPOO1617_T5G2/android/AndroidManifest.xml:14:71-101
	android:name
		ADDED from LPOO1617_T5G2/android/AndroidManifest.xml:14:20-70
meta-data#com.google.android.gms.version
ADDED from LPOO1617_T5G2/android/AndroidManifest.xml:15:9-122
MERGED from [com.google.android.gms:play-services-basement:8.4.0] AndroidManifest.xml:21:9-23:69
	android:value
		ADDED from LPOO1617_T5G2/android/AndroidManifest.xml:15:66-119
	android:name
		ADDED from LPOO1617_T5G2/android/AndroidManifest.xml:15:20-65
activity#com.jetpoo.game.AndroidLauncher
ADDED from LPOO1617_T5G2/android/AndroidManifest.xml:16:9-25:20
	android:screenOrientation
		ADDED from LPOO1617_T5G2/android/AndroidManifest.xml:19:13-50
	android:label
		ADDED from LPOO1617_T5G2/android/AndroidManifest.xml:18:13-45
	android:configChanges
		ADDED from LPOO1617_T5G2/android/AndroidManifest.xml:20:13-83
	android:name
		ADDED from LPOO1617_T5G2/android/AndroidManifest.xml:17:13-59
intent-filter#android.intent.action.MAIN+android.intent.category.LAUNCHER
ADDED from LPOO1617_T5G2/android/AndroidManifest.xml:21:13-24:29
action#android.intent.action.MAIN
ADDED from LPOO1617_T5G2/android/AndroidManifest.xml:22:17-69
	android:name
		ADDED from LPOO1617_T5G2/android/AndroidManifest.xml:22:25-66
category#android.intent.category.LAUNCHER
ADDED from LPOO1617_T5G2/android/AndroidManifest.xml:23:17-77
	android:name
		ADDED from LPOO1617_T5G2/android/AndroidManifest.xml:23:27-74
uses-permission#android.permission.INTERNET
ADDED from LPOO1617_T5G2/android/AndroidManifest.xml:27:5-67
	android:name
		ADDED from LPOO1617_T5G2/android/AndroidManifest.xml:27:22-64
uses-permission#android.permission.ACCESS_NETWORK_STATE
ADDED from LPOO1617_T5G2/android/AndroidManifest.xml:28:5-79
	android:name
		ADDED from LPOO1617_T5G2/android/AndroidManifest.xml:28:22-76
meta-data#unityplayer.ForwardNativeEventsToDalvik
ADDED from [LPOO1617_T5G2:BaseGameUtils:1.0] AndroidManifest.xml:27:9-29:36
	android:value
		ADDED from [LPOO1617_T5G2:BaseGameUtils:1.0] AndroidManifest.xml:29:13-33
	android:name
		ADDED from [LPOO1617_T5G2:BaseGameUtils:1.0] AndroidManifest.xml:28:13-67